TN:
SF:src\modules\user\repositories\inmemory\UserRepositoryInMemory.ts
FN:5,UserRepositoryInMemory
FN:8,create
FN:30,findByEmail
FN:34,findById
FNF:4
FNH:3
FNDA:3,UserRepositoryInMemory
FNDA:3,create
FNDA:4,findByEmail
FNDA:0,findById
DA:1,1
DA:2,1
DA:3,1
DA:4,1
DA:5,3
DA:6,3
DA:7,3
DA:8,3
DA:9,3
DA:10,3
DA:11,3
DA:12,3
DA:13,3
DA:14,3
DA:15,3
DA:16,3
DA:17,3
DA:18,3
DA:19,3
DA:20,3
DA:21,3
DA:22,3
DA:23,3
DA:24,3
DA:25,3
DA:26,3
DA:27,3
DA:28,3
DA:29,3
DA:30,3
DA:31,4
DA:32,4
DA:33,3
DA:34,3
DA:35,0
DA:36,0
DA:37,3
LF:37
LH:35
BRDA:5,0,0,3
BRDA:8,1,0,3
BRDA:30,2,0,4
BRDA:31,3,0,3
BRDA:31,4,0,1
BRF:5
BRH:5
end_of_record
TN:
SF:src\modules\user\useCases\user\CreateUserService.ts
FN:7,CreateUserService
FN:11,execute
FNF:2
FNH:2
FNDA:3,CreateUserService
FNDA:5,execute
DA:1,1
DA:2,1
DA:3,1
DA:4,1
DA:5,1
DA:6,1
DA:7,1
DA:8,3
DA:9,3
DA:10,1
DA:11,1
DA:12,5
DA:13,5
DA:14,1
DA:15,1
DA:16,4
DA:17,4
DA:18,4
DA:19,5
DA:20,1
DA:21,1
DA:22,3
DA:23,3
DA:24,3
DA:25,3
DA:26,3
DA:27,3
DA:28,3
DA:29,3
DA:30,3
DA:31,3
DA:32,3
DA:33,1
LF:33
LH:33
BRDA:7,0,0,3
BRDA:11,1,0,5
BRDA:13,2,0,1
BRDA:16,3,0,4
BRDA:19,4,0,1
BRDA:22,5,0,3
BRF:6
BRH:6
end_of_record
TN:
SF:src\shared\errors\AppError.ts
FN:5,AppError
FNF:1
FNH:1
FNDA:4,AppError
DA:1,1
DA:2,1
DA:3,1
DA:4,1
DA:5,1
DA:6,4
DA:7,4
DA:8,4
DA:9,1
DA:10,1
DA:11,1
LF:11
LH:11
BRDA:5,0,0,4
BRF:1
BRH:1
end_of_record
