TN:
SF:src\modules\user\repositories\inmemory\UserRepositoryInMemory.ts
FN:5,UserRepositoryInMemory
FN:8,create
FN:30,findByEmail
FN:34,findById
FNF:4
FNH:3
FNDA:7,UserRepositoryInMemory
FNDA:5,create
FNDA:9,findByEmail
FNDA:0,findById
DA:1,1
DA:2,1
DA:3,1
DA:4,1
DA:5,7
DA:6,7
DA:7,7
DA:8,7
DA:9,5
DA:10,5
DA:11,5
DA:12,5
DA:13,5
DA:14,5
DA:15,5
DA:16,5
DA:17,5
DA:18,5
DA:19,5
DA:20,5
DA:21,5
DA:22,5
DA:23,5
DA:24,5
DA:25,5
DA:26,5
DA:27,5
DA:28,5
DA:29,7
DA:30,7
DA:31,9
DA:32,9
DA:33,7
DA:34,7
DA:35,0
DA:36,0
DA:37,7
LF:37
LH:35
BRDA:5,0,0,7
BRDA:8,1,0,5
BRDA:30,2,0,9
BRDA:31,3,0,6
BRDA:31,4,0,3
BRF:5
BRH:5
end_of_record
TN:
SF:src\modules\user\useCases\authenticateUser\AuthenticateUserService.ts
FN:8,AuthenticateUserService
FN:12,execute
FNF:2
FNH:2
FNDA:3,AuthenticateUserService
FNDA:3,execute
DA:1,1
DA:2,1
DA:3,1
DA:4,1
DA:5,1
DA:6,1
DA:7,1
DA:8,1
DA:9,3
DA:10,3
DA:11,1
DA:12,1
DA:13,3
DA:14,3
DA:15,3
DA:16,1
DA:17,1
DA:18,2
DA:19,2
DA:20,2
DA:21,3
DA:22,1
DA:23,1
DA:24,1
DA:25,1
DA:26,1
DA:27,1
DA:28,1
DA:29,1
DA:30,1
DA:31,1
DA:32,1
DA:33,1
DA:34,1
DA:35,1
DA:36,1
DA:37,1
DA:38,1
DA:39,1
LF:39
LH:39
BRDA:8,0,0,3
BRDA:12,1,0,3
BRDA:15,2,0,1
BRDA:18,3,0,2
BRDA:21,4,0,1
BRF:5
BRH:5
end_of_record
TN:
SF:src\modules\user\useCases\user\CreateUserService.ts
FN:7,CreateUserService
FN:11,execute
FNF:2
FNH:2
FNDA:7,CreateUserService
FNDA:7,execute
DA:1,1
DA:2,1
DA:3,1
DA:4,1
DA:5,1
DA:6,1
DA:7,1
DA:8,7
DA:9,7
DA:10,1
DA:11,1
DA:12,7
DA:13,7
DA:14,1
DA:15,1
DA:16,6
DA:17,6
DA:18,6
DA:19,7
DA:20,1
DA:21,1
DA:22,5
DA:23,5
DA:24,5
DA:25,5
DA:26,5
DA:27,5
DA:28,5
DA:29,5
DA:30,5
DA:31,5
DA:32,5
DA:33,1
LF:33
LH:33
BRDA:7,0,0,7
BRDA:11,1,0,7
BRDA:13,2,0,1
BRDA:16,3,0,6
BRDA:19,4,0,1
BRDA:22,5,0,5
BRF:6
BRH:6
end_of_record
TN:
SF:src\shared\errors\AppError.ts
FN:5,AppError
FNF:1
FNH:1
FNDA:8,AppError
DA:1,1
DA:2,1
DA:3,1
DA:4,1
DA:5,1
DA:6,8
DA:7,8
DA:8,8
DA:9,1
DA:10,1
DA:11,1
LF:11
LH:11
BRDA:5,0,0,8
BRF:1
BRH:1
end_of_record
